<?xml version="1.0" encoding="UTF-8"?>
<testsuite name="umc.spring.ApplicationTests" tests="1" skipped="0" failures="0" errors="0" timestamp="2025-05-02T07:25:28.032Z" hostname="gimhyegyeong-ui-MacBookPro.local" time="0.148">
  <properties/>
  <testcase name="contextLoads()" classname="umc.spring.ApplicationTests" time="0.148"/>
  <system-out><![CDATA[16:25:23.665 [Test worker] DEBUG org.springframework.boot.test.context.SpringBootTestContextBootstrapper - Neither @ContextConfiguration nor @ContextHierarchy found for test class [ApplicationTests]: using SpringBootContextLoader
16:25:23.672 [Test worker] DEBUG org.springframework.test.context.support.AbstractContextLoader - Could not detect default resource locations for test class [umc.spring.ApplicationTests]: no resource found for suffixes {-context.xml, Context.groovy}.
16:25:23.673 [Test worker] INFO org.springframework.test.context.support.AnnotationConfigContextLoaderUtils - Could not detect default configuration classes for test class [umc.spring.ApplicationTests]: ApplicationTests does not declare any static, non-private, non-final, nested classes annotated with @Configuration.
16:25:23.708 [Test worker] DEBUG org.springframework.boot.test.context.SpringBootTestContextBootstrapper - Using ContextCustomizers for test class [ApplicationTests]: [DisableObservabilityContextCustomizer, PropertyMappingContextCustomizer, Customizer, ExcludeFilterContextCustomizer, DuplicateJsonObjectContextCustomizer, MockitoContextCustomizer, TestRestTemplateContextCustomizer]
16:25:23.794 [Test worker] DEBUG org.springframework.context.annotation.ClassPathScanningCandidateComponentProvider - Identified candidate component class: file [/Users/huijing/IdeaProjects/umcproject/spring/spring/build/classes/java/main/umc/spring/Application.class]
16:25:23.796 [Test worker] INFO org.springframework.boot.test.context.SpringBootTestContextBootstrapper - Found @SpringBootConfiguration umc.spring.Application for test class umc.spring.ApplicationTests
16:25:23.897 [Test worker] DEBUG org.springframework.boot.test.context.SpringBootTestContextBootstrapper - Using TestExecutionListeners for test class [ApplicationTests]: [ServletTestExecutionListener, DirtiesContextBeforeModesTestExecutionListener, ApplicationEventsTestExecutionListener, MockitoTestExecutionListener, DependencyInjectionTestExecutionListener, DirtiesContextTestExecutionListener, TransactionalTestExecutionListener, SqlScriptsTestExecutionListener, EventPublishingTestExecutionListener, RestDocsTestExecutionListener, MockRestServiceServerResetTestExecutionListener, MockMvcPrintOnlyOnFailureTestExecutionListener, WebDriverTestExecutionListener, MockWebServiceServerTestExecutionListener, ResetMocksTestExecutionListener]
16:25:23.899 [Test worker] DEBUG org.springframework.test.context.support.AbstractDirtiesContextTestExecutionListener - Before test class: class [ApplicationTests], class annotated with @DirtiesContext [false] with mode [null]

  .   ____          _            __ _ _
 /\\ / ___'_ __ _ _(_)_ __  __ _ \ \ \ \
( ( )\___ | '_ | '_| | '_ \/ _` | \ \ \ \
 \\/  ___)| |_)| | | | | || (_| |  ) ) ) )
  '  |____| .__|_| |_|_| |_\__, | / / / /
 =========|_|==============|___/=/_/_/_/
 :: Spring Boot ::                (v3.0.0)

2025-05-02T16:25:24.269+09:00  INFO 43046 --- [    Test worker] umc.spring.ApplicationTests              : Starting ApplicationTests using Java 17.0.12 with PID 43046 (started by huijing in /Users/huijing/IdeaProjects/umcproject/spring/spring)
2025-05-02T16:25:24.271+09:00  INFO 43046 --- [    Test worker] umc.spring.ApplicationTests              : No active profile set, falling back to 1 default profile: "default"
2025-05-02T16:25:24.906+09:00  INFO 43046 --- [    Test worker] .s.d.r.c.RepositoryConfigurationDelegate : Bootstrapping Spring Data JPA repositories in DEFAULT mode.
2025-05-02T16:25:24.973+09:00  INFO 43046 --- [    Test worker] .s.d.r.c.RepositoryConfigurationDelegate : Finished Spring Data repository scanning in 58 ms. Found 1 JPA repository interfaces.
2025-05-02T16:25:25.399+09:00  INFO 43046 --- [    Test worker] o.hibernate.jpa.internal.util.LogHelper  : HHH000204: Processing PersistenceUnitInfo [name: default]
2025-05-02T16:25:25.441+09:00  INFO 43046 --- [    Test worker] org.hibernate.Version                    : HHH000412: Hibernate ORM core version 6.0.2.Final
2025-05-02T16:25:25.592+09:00  WARN 43046 --- [    Test worker] org.hibernate.orm.deprecation            : HHH90000021: Encountered deprecated setting [javax.persistence.sharedCache.mode], use [jakarta.persistence.sharedCache.mode] instead
2025-05-02T16:25:25.689+09:00  INFO 43046 --- [    Test worker] com.zaxxer.hikari.HikariDataSource       : HikariPool-1 - Starting...
2025-05-02T16:25:26.042+09:00  INFO 43046 --- [    Test worker] com.zaxxer.hikari.pool.HikariPool        : HikariPool-1 - Added connection com.mysql.cj.jdbc.ConnectionImpl@2e8b24a1
2025-05-02T16:25:26.045+09:00  INFO 43046 --- [    Test worker] com.zaxxer.hikari.HikariDataSource       : HikariPool-1 - Start completed.
2025-05-02T16:25:26.065+09:00  INFO 43046 --- [    Test worker] SQL dialect                              : HHH000400: Using dialect: org.hibernate.dialect.MySQL8Dialect
2025-05-02T16:25:26.066+09:00  WARN 43046 --- [    Test worker] org.hibernate.orm.deprecation            : HHH90000026: MySQL8Dialect has been deprecated; use org.hibernate.dialect.MySQLDialect instead
Hibernate: 
    
    alter table restaurant 
       add column score float(23) not null
2025-05-02T16:25:27.114+09:00  INFO 43046 --- [    Test worker] o.h.e.t.j.p.i.JtaPlatformInitiator       : HHH000490: Using JtaPlatform implementation: [org.hibernate.engine.transaction.jta.platform.internal.NoJtaPlatform]
2025-05-02T16:25:27.123+09:00  INFO 43046 --- [    Test worker] j.LocalContainerEntityManagerFactoryBean : Initialized JPA EntityManagerFactory for persistence unit 'default'
2025-05-02T16:25:27.644+09:00  WARN 43046 --- [    Test worker] JpaBaseConfiguration$JpaWebConfiguration : spring.jpa.open-in-view is enabled by default. Therefore, database queries may be performed during view rendering. Explicitly configure spring.jpa.open-in-view to disable this warning
2025-05-02T16:25:28.016+09:00  INFO 43046 --- [    Test worker] umc.spring.ApplicationTests              : Started ApplicationTests in 4.066 seconds (process running for 5.329)
]]></system-out>
  <system-err><![CDATA[]]></system-err>
</testsuite>
